Base path: /Applications/Unity/Unity.app/Contents
Pipe name: \\.\pipe\UnityShaderCompiler-64bit-3-466624512
Cmd: getPlatforms
Cmd: compileSnippet
  api=0 type=1 insize=541 outsize=6 kw=SHADOWS_CUBE ok=1
Cmd: compileSnippet
  api=0 type=1 insize=6810 outsize=6 kw=DIRECTIONAL SHADOWS_SCREEN LIGHTMAP_OFF DIRLIGHTMAP_OFF DYNAMICLIGHTMAP_OFF ok=1
Cmd: compileSnippet
  api=0 type=1 insize=3647 outsize=6 kw=DIRECTIONAL ok=1
Cmd: compileSnippet
  api=0 type=0 insize=5928 outsize=2526 kw=LIGHTMAP_OFF DIRLIGHTMAP_OFF DYNAMICLIGHTMAP_OFF UNITY_HDR_ON ok=1
Cmd: compileSnippet
  api=0 type=0 insize=1275 outsize=2950 kw=POINT_COOKIE SHADOWS_OFF ok=1
Cmd: compileSnippet
  api=0 type=0 insize=1275 outsize=4126 kw=SPOT SHADOWS_DEPTH SHADOWS_SOFT SHADOWS_NATIVE ok=1
Cmd: compileSnippet
  api=0 type=1 insize=1275 outsize=6 kw=POINT_COOKIE SHADOWS_OFF ok=1
Cmd: compileSnippet
  api=0 type=1 insize=1275 outsize=6 kw=SPOT SHADOWS_DEPTH SHADOWS_SOFT SHADOWS_NATIVE ok=1
Cmd: compileSnippet
  api=0 type=0 insize=1268 outsize=2751 kw=DIRECTIONAL_COOKIE SHADOWS_OFF ok=1
Cmd: compileSnippet
  api=0 type=0 insize=1268 outsize=2815 kw=DIRECTIONAL SHADOWS_SCREEN ok=1
Cmd: compileSnippet
  api=0 type=0 insize=1268 outsize=4402 kw=POINT_COOKIE SHADOWS_CUBE SHADOWS_SOFT ok=1
Cmd: compileSnippet
  api=0 type=1 insize=1268 outsize=6 kw=SPOT SHADOWS_DEPTH SHADOWS_NATIVE ok=1
Cmd: compileSnippet
  api=0 type=1 insize=1268 outsize=6 kw=POINT SHADOWS_CUBE SHADOWS_SOFT ok=1
Cmd: compileSnippet
  api=0 type=0 insize=1273 outsize=3545 kw=SPOT SHADOWS_DEPTH SHADOWS_NATIVE ok=1
Cmd: compileSnippet
  api=0 type=0 insize=1273 outsize=4208 kw=POINT SHADOWS_CUBE SHADOWS_SOFT ok=1
Cmd: compileSnippet
  api=0 type=1 insize=1273 outsize=6 kw=POINT_COOKIE SHADOWS_OFF ok=1
Cmd: compileSnippet
  api=0 type=1 insize=1273 outsize=6 kw=SPOT SHADOWS_DEPTH SHADOWS_SOFT SHADOWS_NATIVE ok=1
Cmd: compileSnippet
  api=0 type=0 insize=1934 outsize=3964 kw=POINT_COOKIE SHADOWS_OFF ok=1
Cmd: compileSnippet
  api=0 type=0 insize=1934 outsize=4008 kw=DIRECTIONAL SHADOWS_SCREEN ok=1
Cmd: compileSnippet
  api=0 type=0 insize=1934 outsize=5426 kw=POINT_COOKIE SHADOWS_CUBE SHADOWS_SOFT ok=1
Cmd: compileSnippet
  api=0 type=0 insize=1934 outsize=4299 kw=POINT SHADOWS_CUBE UNITY_HDR_ON ok=1
Cmd: compileSnippet
  api=0 type=1 insize=1934 outsize=6 kw=SPOT SHADOWS_OFF ok=1
Cmd: compileSnippet
  api=0 type=1 insize=1934 outsize=6 kw=DIRECTIONAL_COOKIE SHADOWS_SCREEN ok=1
Cmd: compileSnippet
  api=0 type=1 insize=1934 outsize=6 kw=POINT SHADOWS_OFF UNITY_HDR_ON ok=1
Cmd: compileSnippet
  api=0 type=1 insize=1934 outsize=6 kw=SPOT SHADOWS_DEPTH SHADOWS_NATIVE UNITY_HDR_ON ok=1
Cmd: compileSnippet
  api=0 type=1 insize=1934 outsize=6 kw=POINT SHADOWS_CUBE SHADOWS_SOFT UNITY_HDR_ON ok=1
End of pipe

Quitting shader compiler process
